<?xml version="1.0" ?>
<!DOCTYPE coverage SYSTEM "http://cobertura.sourceforge.net/xml/coverage-04.dtd">
<coverage lines-valid="35" lines-covered="34" line-rate="0.9714" branches-valid="3" branches-covered="3" branch-rate="1" timestamp="1662314542775" complexity="0" version="0.1">
  <sources>
    <source>C:\Users\Murilo\Documents\GitHub\DevOpsExtension</source>
  </sources>
  <packages>
    <package name="src" line-rate="0.8332999999999999" branch-rate="1">
      <classes>
        <class name="Common.tsx" filename="src\Common.tsx" line-rate="0.8332999999999999" branch-rate="1">
          <methods>
            <method name="showRootComponent" hits="0" signature="()V">
              <lines>
                <line number="7" hits="0"/>
              </lines>
            </method>
          </methods>
          <lines>
            <line number="1" hits="1" branch="false"/>
            <line number="2" hits="1" branch="false"/>
            <line number="4" hits="1" branch="false"/>
            <line number="5" hits="1" branch="false"/>
            <line number="7" hits="1" branch="false"/>
            <line number="8" hits="0" branch="false"/>
          </lines>
        </class>
      </classes>
    </package>
    <package name="src.Samples.WorkItemFormGroup" line-rate="1" branch-rate="1">
      <classes>
        <class name="WorkItemFormGroup.tsx" filename="src\Samples\WorkItemFormGroup\WorkItemFormGroup.tsx" line-rate="1" branch-rate="1">
          <methods>
            <method name="(anonymous_25)" hits="1" signature="()V">
              <lines>
                <line number="17" hits="1"/>
              </lines>
            </method>
            <method name="WorkItemFormGroupComponent" hits="8" signature="()V">
              <lines>
                <line number="18" hits="8"/>
              </lines>
            </method>
            <method name="(anonymous_27)" hits="8" signature="()V">
              <lines>
                <line number="25" hits="8"/>
              </lines>
            </method>
            <method name="(anonymous_28)" hits="8" signature="()V">
              <lines>
                <line number="26" hits="8"/>
              </lines>
            </method>
            <method name="(anonymous_29)" hits="14" signature="()V">
              <lines>
                <line number="31" hits="14"/>
              </lines>
            </method>
            <method name="(anonymous_30)" hits="1" signature="()V">
              <lines>
                <line number="37" hits="1"/>
              </lines>
            </method>
            <method name="(anonymous_31)" hits="8" signature="()V">
              <lines>
                <line number="44" hits="8"/>
              </lines>
            </method>
            <method name="(anonymous_32)" hits="6" signature="()V">
              <lines>
                <line number="45" hits="6"/>
              </lines>
            </method>
            <method name="(anonymous_33)" hits="1" signature="()V">
              <lines>
                <line number="48" hits="1"/>
              </lines>
            </method>
            <method name="(anonymous_34)" hits="1" signature="()V">
              <lines>
                <line number="55" hits="1"/>
              </lines>
            </method>
            <method name="(anonymous_35)" hits="1" signature="()V">
              <lines>
                <line number="62" hits="1"/>
              </lines>
            </method>
            <method name="(anonymous_36)" hits="1" signature="()V">
              <lines>
                <line number="69" hits="1"/>
              </lines>
            </method>
            <method name="(anonymous_37)" hits="1" signature="()V">
              <lines>
                <line number="76" hits="1"/>
              </lines>
            </method>
            <method name="(anonymous_38)" hits="1" signature="()V">
              <lines>
                <line number="83" hits="1"/>
              </lines>
            </method>
            <method name="(anonymous_39)" hits="1" signature="()V">
              <lines>
                <line number="92" hits="1"/>
              </lines>
            </method>
          </methods>
          <lines>
            <line number="1" hits="1" branch="false"/>
            <line number="8" hits="1" branch="false"/>
            <line number="9" hits="1" branch="false"/>
            <line number="10" hits="1" branch="false"/>
            <line number="11" hits="1" branch="false"/>
            <line number="17" hits="1" branch="false"/>
            <line number="19" hits="8" branch="true" condition-coverage="100% (2/2)"/>
            <line number="20" hits="8" branch="false"/>
            <line number="25" hits="8" branch="false"/>
            <line number="26" hits="8" branch="false"/>
            <line number="27" hits="8" branch="false"/>
            <line number="31" hits="14" branch="false"/>
            <line number="32" hits="14" branch="false"/>
            <line number="37" hits="1" branch="false"/>
            <line number="44" hits="8" branch="false"/>
            <line number="45" hits="8" branch="false"/>
            <line number="46" hits="6" branch="false"/>
            <line number="49" hits="1" branch="false"/>
            <line number="56" hits="1" branch="false"/>
            <line number="63" hits="1" branch="false"/>
            <line number="70" hits="1" branch="false"/>
            <line number="77" hits="1" branch="false"/>
            <line number="84" hits="1" branch="false"/>
            <line number="92" hits="1" branch="false"/>
            <line number="93" hits="1" branch="true" condition-coverage="100% (1/1)"/>
            <line number="96" hits="1" branch="false"/>
            <line number="101" hits="1" branch="false"/>
            <line number="103" hits="1" branch="false"/>
            <line number="105" hits="1" branch="false"/>
          </lines>
        </class>
      </classes>
    </package>
  </packages>
</coverage>
