{"C:\\VSCode\\DevOpsExtension\\src\\Common.tsx": {"path":"C:\\VSCode\\DevOpsExtension\\src\\Common.tsx","statementMap":{"0":{"start":{"line":1,"column":0},"end":{"line":1,"column":43}},"1":{"start":{"line":2,"column":0},"end":{"line":2,"column":26}},"2":{"start":{"line":4,"column":0},"end":{"line":4,"column":38}},"3":{"start":{"line":5,"column":0},"end":{"line":5,"column":23}},"4":{"start":{"line":8,"column":4},"end":{"line":8,"column":64}},"5":{"start":{"line":7,"column":0},"end":{"line":7,"column":16}}},"fnMap":{"0":{"name":"showRootComponent","decl":{"start":{"line":7,"column":16},"end":{"line":7,"column":33}},"loc":{"start":{"line":7,"column":68},"end":{"line":9,"column":1}}}},"branchMap":{},"s":{"0":1,"1":1,"2":1,"3":1,"4":0,"5":1},"f":{"0":0},"b":{}}
,"C:\\VSCode\\DevOpsExtension\\src\\Samples\\WorkItemFormGroup\\WorkItemFormGroup.tsx": {"path":"C:\\VSCode\\DevOpsExtension\\src\\Samples\\WorkItemFormGroup\\WorkItemFormGroup.tsx","statementMap":{"0":{"start":{"line":1,"column":0},"end":{"line":1,"column":null}},"1":{"start":{"line":8,"column":2},"end":{"line":8,"column":52}},"2":{"start":{"line":9,"column":2},"end":{"line":9,"column":50}},"3":{"start":{"line":10,"column":2},"end":{"line":10,"column":33}},"4":{"start":{"line":11,"column":2},"end":{"line":11,"column":51}},"5":{"start":{"line":17,"column":2},"end":{"line":17,"column":103}},"6":{"start":{"line":17,"column":50},"end":{"line":17,"column":55}},"7":{"start":{"line":19,"column":6},"end":{"line":19,"column":null}},"8":{"start":{"line":20,"column":6},"end":{"line":22,"column":8}},"9":{"start":{"line":25,"column":11},"end":{"line":29,"column":null}},"10":{"start":{"line":25,"column":4},"end":{"line":25,"column":11}},"11":{"start":{"line":26,"column":6},"end":{"line":28,"column":9}},"12":{"start":{"line":27,"column":8},"end":{"line":27,"column":30}},"13":{"start":{"line":31,"column":11},"end":{"line":42,"column":null}},"14":{"start":{"line":31,"column":4},"end":{"line":31,"column":11}},"15":{"start":{"line":32,"column":6},"end":{"line":41,"column":8}},"16":{"start":{"line":37,"column":27},"end":{"line":37,"column":null}},"17":{"start":{"line":44,"column":12},"end":{"line":90,"column":null}},"18":{"start":{"line":44,"column":4},"end":{"line":44,"column":12}},"19":{"start":{"line":45,"column":6},"end":{"line":89,"column":9}},"20":{"start":{"line":46,"column":8},"end":{"line":88,"column":10}},"21":{"start":{"line":49,"column":12},"end":{"line":51,"column":15}},"22":{"start":{"line":56,"column":12},"end":{"line":58,"column":15}},"23":{"start":{"line":63,"column":12},"end":{"line":65,"column":15}},"24":{"start":{"line":70,"column":12},"end":{"line":72,"column":15}},"25":{"start":{"line":77,"column":12},"end":{"line":79,"column":15}},"26":{"start":{"line":84,"column":12},"end":{"line":86,"column":15}},"27":{"start":{"line":92,"column":18},"end":{"line":100,"column":null}},"28":{"start":{"line":93,"column":34},"end":{"line":95,"column":null}},"29":{"start":{"line":93,"column":12},"end":{"line":95,"column":null}},"30":{"start":{"line":96,"column":6},"end":{"line":99,"column":8}},"31":{"start":{"line":101,"column":2},"end":{"line":101,"column":null}},"32":{"start":{"line":17,"column":15},"end":{"line":17,"column":41}},"33":{"start":{"line":103,"column":2},"end":{"line":103,"column":44}},"34":{"start":{"line":105,"column":2},"end":{"line":105,"column":52}}},"fnMap":{"0":{"name":"(anonymous_25)","decl":{"start":{"line":17,"column":2},"end":{"line":17,"column":15}},"loc":{"start":{"line":17,"column":2},"end":{"line":101,"column":null}}},"1":{"name":"WorkItemFormGroupComponent","decl":{"start":{"line":18,"column":4},"end":{"line":18,"column":16}},"loc":{"start":{"line":18,"column":25},"end":{"line":23,"column":5}}},"2":{"name":"(anonymous_27)","decl":{"start":{"line":25,"column":4},"end":{"line":25,"column":11}},"loc":{"start":{"line":25,"column":4},"end":{"line":29,"column":5}}},"3":{"name":"(anonymous_28)","decl":{"start":{"line":26,"column":22},"end":{"line":26,"column":null}},"loc":{"start":{"line":26,"column":22},"end":{"line":28,"column":7}}},"4":{"name":"(anonymous_29)","decl":{"start":{"line":31,"column":4},"end":{"line":31,"column":11}},"loc":{"start":{"line":31,"column":4},"end":{"line":42,"column":5}}},"5":{"name":"(anonymous_30)","decl":{"start":{"line":37,"column":21},"end":{"line":37,"column":27}},"loc":{"start":{"line":37,"column":21},"end":{"line":37,"column":31}}},"6":{"name":"(anonymous_31)","decl":{"start":{"line":44,"column":4},"end":{"line":44,"column":12}},"loc":{"start":{"line":44,"column":4},"end":{"line":90,"column":5}}},"7":{"name":"(anonymous_32)","decl":{"start":{"line":45,"column":44},"end":{"line":45,"column":null}},"loc":{"start":{"line":45,"column":44},"end":{"line":89,"column":7}}},"8":{"name":"(anonymous_33)","decl":{"start":{"line":48,"column":26},"end":{"line":48,"column":27}},"loc":{"start":{"line":48,"column":58},"end":{"line":52,"column":11}}},"9":{"name":"(anonymous_34)","decl":{"start":{"line":55,"column":20},"end":{"line":55,"column":21}},"loc":{"start":{"line":55,"column":46},"end":{"line":59,"column":11}}},"10":{"name":"(anonymous_35)","decl":{"start":{"line":62,"column":22},"end":{"line":62,"column":23}},"loc":{"start":{"line":62,"column":49},"end":{"line":66,"column":11}}},"11":{"name":"(anonymous_36)","decl":{"start":{"line":69,"column":19},"end":{"line":69,"column":20}},"loc":{"start":{"line":69,"column":46},"end":{"line":73,"column":11}}},"12":{"name":"(anonymous_37)","decl":{"start":{"line":76,"column":19},"end":{"line":76,"column":20}},"loc":{"start":{"line":76,"column":46},"end":{"line":80,"column":11}}},"13":{"name":"(anonymous_38)","decl":{"start":{"line":83,"column":23},"end":{"line":83,"column":24}},"loc":{"start":{"line":83,"column":50},"end":{"line":87,"column":11}}},"14":{"name":"(anonymous_39)","decl":{"start":{"line":92,"column":4},"end":{"line":92,"column":18}},"loc":{"start":{"line":92,"column":4},"end":{"line":100,"column":null}}}},"branchMap":{"0":{"loc":{"start":{"line":19,"column":6},"end":{"line":19,"column":null}},"type":"binary-expr","locations":[{"start":{"line":19,"column":6},"end":{"line":19,"column":18}},{"start":{"line":19,"column":18},"end":{"line":19,"column":null}}]},"1":{"loc":{"start":{"line":93,"column":34},"end":{"line":95,"column":null}},"type":"switch","locations":[{"start":{"line":93,"column":34},"end":{"line":95,"column":null}}]}},"s":{"0":1,"1":1,"2":1,"3":1,"4":1,"5":1,"6":1,"7":8,"8":8,"9":1,"10":8,"11":8,"12":8,"13":1,"14":14,"15":14,"16":1,"17":1,"18":8,"19":8,"20":6,"21":1,"22":1,"23":1,"24":1,"25":1,"26":1,"27":1,"28":1,"29":1,"30":1,"31":1,"32":1,"33":1,"34":1},"f":{"0":1,"1":8,"2":8,"3":8,"4":14,"5":1,"6":8,"7":6,"8":1,"9":1,"10":1,"11":1,"12":1,"13":1,"14":1},"b":{"0":[8,8],"1":[1]}}
}
